2002.09.20 11:36 B Z:\public_html\2003\VP\vp.html --> nkirov.on.online.bg /2003/VP vp.html
2002.09.20 11:36 B Z:\public_html\2003\VP\vp_a.html --> nkirov.on.online.bg /2003/VP vp_a.html
2002.09.20 11:36 B Z:\public_html\2003\VP\vp_bfu.html --> nkirov.on.online.bg /2003/VP vp_bfu.html
2002.09.20 11:36 B Z:\public_html\2003\VP\vp_ksp.html --> nkirov.on.online.bg /2003/VP vp_ksp.html
2002.09.20 11:36 B Z:\public_html\2003\VP\vp_kz1.txt --> nkirov.on.online.bg /2003/VP vp_kz1.txt
2002.09.20 11:36 B Z:\public_html\2003\VP\vp_kz2.txt --> nkirov.on.online.bg /2003/VP vp_kz2.txt
2002.09.20 11:36 B Z:\public_html\2003\VP\vp_kz3.txt --> nkirov.on.online.bg /2003/VP vp_kz3.txt
2002.09.20 11:36 B Z:\public_html\2003\VP\vp_p.html --> nkirov.on.online.bg /2003/VP vp_p.html
2002.09.20 11:36 B Z:\public_html\2003\VP\vp_swu.html --> nkirov.on.online.bg /2003/VP vp_swu.html
2002.09.20 11:36 B Z:\public_html\2003\VP\vp_t1.txt --> nkirov.on.online.bg /2003/VP vp_t1.txt
2002.09.20 11:36 B Z:\public_html\2003\VP\vp_t2.txt --> nkirov.on.online.bg /2003/VP vp_t2.txt
2002.09.20 11:36 B Z:\public_html\2003\VP\vp_t3.txt --> nkirov.on.online.bg /2003/VP vp_t3.txt
2002.09.20 11:36 B Z:\public_html\2003\VP\yellowball.gif --> nkirov.on.online.bg /2003/VP yellowball.gif
2002.09.27 16:19 B Z:\public_html\2003\VP\book1.gif --> gate.fmns.swu.bg /home/nkirov/www/2003/VP book1.gif
2002.09.27 16:19 B Z:\public_html\2003\VP\vp.html --> gate.fmns.swu.bg /home/nkirov/www/2003/VP vp.html
2002.09.27 16:19 B Z:\public_html\2003\VP\vp_a.html --> gate.fmns.swu.bg /home/nkirov/www/2003/VP vp_a.html
2002.09.27 16:19 B Z:\public_html\2003\VP\book1.gif --> nkirov.on.online.bg /2003/VP book1.gif
2002.09.27 16:19 B Z:\public_html\2003\VP\vp_ksp.html --> gate.fmns.swu.bg /home/nkirov/www/2003/VP vp_ksp.html
2002.09.27 16:19 B Z:\public_html\2003\VP\vp.html --> nkirov.on.online.bg /2003/VP vp.html
2002.09.27 16:19 B Z:\public_html\2003\VP\vp_swu.html --> nkirov.on.online.bg /2003/VP vp_swu.html
2002.09.27 16:19 B Z:\public_html\2003\VP\vp_t1.txt --> nkirov.on.online.bg /2003/VP vp_t1.txt
2002.09.27 16:19 B Z:\public_html\2003\VP\vp_t2.txt --> nkirov.on.online.bg /2003/VP vp_t2.txt
2002.09.27 16:19 B Z:\public_html\2003\VP\vp_t3.txt --> nkirov.on.online.bg /2003/VP vp_t3.txt
2002.09.27 16:19 B Z:\public_html\2003\VP\vp_kz1.txt --> gate.fmns.swu.bg /home/nkirov/www/2003/VP vp_kz1.txt
2002.09.27 16:19 B Z:\public_html\2003\VP\WS_FTP.LOG --> nkirov.on.online.bg /2003/VP WS_FTP.LOG
2002.09.27 16:19 B Z:\public_html\2003\VP\yellowball.gif --> nkirov.on.online.bg /2003/VP yellowball.gif
2002.09.27 16:19 B Z:\public_html\2003\VP\vp_kz2.txt --> gate.fmns.swu.bg /home/nkirov/www/2003/VP vp_kz2.txt
2002.09.27 16:20 B Z:\public_html\2003\VP\vp_kz3.txt --> gate.fmns.swu.bg /home/nkirov/www/2003/VP vp_kz3.txt
2002.09.27 16:20 B Z:\public_html\2003\VP\vp_p.html --> gate.fmns.swu.bg /home/nkirov/www/2003/VP vp_p.html
2002.09.27 16:20 B Z:\public_html\2003\VP\vp_swu.html --> gate.fmns.swu.bg /home/nkirov/www/2003/VP vp_swu.html
2002.09.27 16:20 B Z:\public_html\2003\VP\vp_t1.txt --> gate.fmns.swu.bg /home/nkirov/www/2003/VP vp_t1.txt
2002.09.27 16:20 B Z:\public_html\2003\VP\vp_t2.txt --> gate.fmns.swu.bg /home/nkirov/www/2003/VP vp_t2.txt
2002.09.27 16:20 B Z:\public_html\2003\VP\vp_t3.txt --> gate.fmns.swu.bg /home/nkirov/www/2003/VP vp_t3.txt
2002.09.27 16:20 B Z:\public_html\2003\VP\WS_FTP.LOG --> gate.fmns.swu.bg /home/nkirov/www/2003/VP WS_FTP.LOG
2002.09.27 16:20 B Z:\public_html\2003\VP\yellowball.gif --> gate.fmns.swu.bg /home/nkirov/www/2003/VP yellowball.gif
