2002.09.20 11:34 B Z:\public_html\2003\OOP\book1.gif --> nkirov.on.online.bg /2003/OOP book1.gif
2002.09.20 11:34 B Z:\public_html\2003\OOP\id01.txt --> nkirov.on.online.bg /2003/OOP id01.txt
2002.09.20 11:34 B Z:\public_html\2003\OOP\id02.txt --> nkirov.on.online.bg /2003/OOP id02.txt
2002.09.20 11:34 B Z:\public_html\2003\OOP\id03.txt --> nkirov.on.online.bg /2003/OOP id03.txt
2002.09.20 11:34 B Z:\public_html\2003\OOP\id04.txt --> nkirov.on.online.bg /2003/OOP id04.txt
2002.09.20 11:34 B Z:\public_html\2003\OOP\id05.txt --> nkirov.on.online.bg /2003/OOP id05.txt
2002.09.20 11:34 B Z:\public_html\2003\OOP\id06.txt --> nkirov.on.online.bg /2003/OOP id06.txt
2002.09.20 11:34 B Z:\public_html\2003\OOP\id07.txt --> nkirov.on.online.bg /2003/OOP id07.txt
2002.09.20 11:34 B Z:\public_html\2003\OOP\id08.txt --> nkirov.on.online.bg /2003/OOP id08.txt
2002.09.20 11:34 B Z:\public_html\2003\OOP\id09.txt --> nkirov.on.online.bg /2003/OOP id09.txt
2002.09.20 11:34 B Z:\public_html\2003\OOP\id10.txt --> nkirov.on.online.bg /2003/OOP id10.txt
2002.09.20 11:34 B Z:\public_html\2003\OOP\id11.txt --> nkirov.on.online.bg /2003/OOP id11.txt
2002.09.20 11:34 B Z:\public_html\2003\OOP\id12.txt --> nkirov.on.online.bg /2003/OOP id12.txt
2002.09.20 11:34 B Z:\public_html\2003\OOP\id13.txt --> nkirov.on.online.bg /2003/OOP id13.txt
2002.09.20 11:34 B Z:\public_html\2003\OOP\id14.txt --> nkirov.on.online.bg /2003/OOP id14.txt
2002.09.20 11:34 B Z:\public_html\2003\OOP\id15.txt --> nkirov.on.online.bg /2003/OOP id15.txt
2002.09.20 11:34 B Z:\public_html\2003\OOP\id16.txt --> nkirov.on.online.bg /2003/OOP id16.txt
2002.09.20 11:34 B Z:\public_html\2003\OOP\id17.txt --> nkirov.on.online.bg /2003/OOP id17.txt
2002.09.20 11:34 B Z:\public_html\2003\OOP\id18.txt --> nkirov.on.online.bg /2003/OOP id18.txt
2002.09.20 11:34 B Z:\public_html\2003\OOP\id19.txt --> nkirov.on.online.bg /2003/OOP id19.txt
2002.09.20 11:34 B Z:\public_html\2003\OOP\id20.txt --> nkirov.on.online.bg /2003/OOP id20.txt
2002.09.20 11:34 B Z:\public_html\2003\OOP\id21.txt --> nkirov.on.online.bg /2003/OOP id21.txt
2002.09.20 11:34 B Z:\public_html\2003\OOP\kz01.txt --> nkirov.on.online.bg /2003/OOP kz01.txt
2002.09.20 11:34 B Z:\public_html\2003\OOP\kz02.txt --> nkirov.on.online.bg /2003/OOP kz02.txt
2002.09.20 11:34 B Z:\public_html\2003\OOP\kz03.txt --> nkirov.on.online.bg /2003/OOP kz03.txt
2002.09.20 11:34 B Z:\public_html\2003\OOP\ocenka.html --> nkirov.on.online.bg /2003/OOP ocenka.html
2002.09.20 11:34 B Z:\public_html\2003\OOP\oop.html --> nkirov.on.online.bg /2003/OOP oop.html
2002.09.20 11:34 B Z:\public_html\2003\OOP\oop_a.html --> nkirov.on.online.bg /2003/OOP oop_a.html
2002.09.20 11:34 B Z:\public_html\2003\OOP\oop_k.html --> nkirov.on.online.bg /2003/OOP oop_k.html
2002.09.20 11:34 B Z:\public_html\2003\OOP\oop_p.html --> nkirov.on.online.bg /2003/OOP oop_p.html
2002.09.20 11:34 B Z:\public_html\2003\OOP\t1.txt --> nkirov.on.online.bg /2003/OOP t1.txt
2002.09.20 11:34 B Z:\public_html\2003\OOP\t2.txt --> nkirov.on.online.bg /2003/OOP t2.txt
2002.09.20 11:34 B Z:\public_html\2003\OOP\t3.txt --> nkirov.on.online.bg /2003/OOP t3.txt
2002.09.20 11:34 B Z:\public_html\2003\OOP\yellowball.gif --> nkirov.on.online.bg /2003/OOP yellowball.gif
2002.09.20 11:43 B Z:\public_html\2003\OOP\book1.gif --> gate.fmns.swu.bg /home/nkirov/www/2003/OOP book1.gif
2002.09.20 11:44 B Z:\public_html\2003\OOP\id01.txt --> gate.fmns.swu.bg /home/nkirov/www/2003/OOP id01.txt
2002.09.20 11:44 B Z:\public_html\2003\OOP\id02.txt --> gate.fmns.swu.bg /home/nkirov/www/2003/OOP id02.txt
2002.09.20 11:44 B Z:\public_html\2003\OOP\id03.txt --> gate.fmns.swu.bg /home/nkirov/www/2003/OOP id03.txt
2002.09.20 11:44 B Z:\public_html\2003\OOP\id04.txt --> gate.fmns.swu.bg /home/nkirov/www/2003/OOP id04.txt
2002.09.20 11:45 B Z:\public_html\2003\OOP\id05.txt --> gate.fmns.swu.bg /home/nkirov/www/2003/OOP id05.txt
2002.09.20 11:45 B Z:\public_html\2003\OOP\id06.txt --> gate.fmns.swu.bg /home/nkirov/www/2003/OOP id06.txt
2002.09.20 11:45 B Z:\public_html\2003\OOP\id07.txt --> gate.fmns.swu.bg /home/nkirov/www/2003/OOP id07.txt
2002.09.20 11:45 B Z:\public_html\2003\OOP\id08.txt --> gate.fmns.swu.bg /home/nkirov/www/2003/OOP id08.txt
2002.09.20 11:45 B Z:\public_html\2003\OOP\id09.txt --> gate.fmns.swu.bg /home/nkirov/www/2003/OOP id09.txt
2002.09.20 11:45 B Z:\public_html\2003\OOP\id10.txt --> gate.fmns.swu.bg /home/nkirov/www/2003/OOP id10.txt
2002.09.20 11:45 B Z:\public_html\2003\OOP\id11.txt --> gate.fmns.swu.bg /home/nkirov/www/2003/OOP id11.txt
2002.09.20 11:46 B Z:\public_html\2003\OOP\id12.txt --> gate.fmns.swu.bg /home/nkirov/www/2003/OOP id12.txt
2002.09.20 11:46 B Z:\public_html\2003\OOP\id13.txt --> gate.fmns.swu.bg /home/nkirov/www/2003/OOP id13.txt
2002.09.20 11:46 B Z:\public_html\2003\OOP\id14.txt --> gate.fmns.swu.bg /home/nkirov/www/2003/OOP id14.txt
2002.09.20 11:46 B Z:\public_html\2003\OOP\id15.txt --> gate.fmns.swu.bg /home/nkirov/www/2003/OOP id15.txt
2002.09.20 11:46 B Z:\public_html\2003\OOP\id16.txt --> gate.fmns.swu.bg /home/nkirov/www/2003/OOP id16.txt
2002.09.20 11:47 B Z:\public_html\2003\OOP\id17.txt --> gate.fmns.swu.bg /home/nkirov/www/2003/OOP id17.txt
2002.09.20 11:47 B Z:\public_html\2003\OOP\id18.txt --> gate.fmns.swu.bg /home/nkirov/www/2003/OOP id18.txt
2002.09.20 11:47 B Z:\public_html\2003\OOP\id19.txt --> gate.fmns.swu.bg /home/nkirov/www/2003/OOP id19.txt
2002.09.20 11:48 B Z:\public_html\2003\OOP\id20.txt --> gate.fmns.swu.bg /home/nkirov/www/2003/OOP id20.txt
2002.09.20 11:48 B Z:\public_html\2003\OOP\id21.txt --> gate.fmns.swu.bg /home/nkirov/www/2003/OOP id21.txt
2002.09.20 11:48 B Z:\public_html\2003\OOP\kz01.txt --> gate.fmns.swu.bg /home/nkirov/www/2003/OOP kz01.txt
2002.09.20 11:49 B Z:\public_html\2003\OOP\kz02.txt --> gate.fmns.swu.bg /home/nkirov/www/2003/OOP kz02.txt
2002.09.20 11:49 B Z:\public_html\2003\OOP\kz03.txt --> gate.fmns.swu.bg /home/nkirov/www/2003/OOP kz03.txt
2002.09.20 11:49 B Z:\public_html\2003\OOP\ocenka.html --> gate.fmns.swu.bg /home/nkirov/www/2003/OOP ocenka.html
2002.09.20 11:49 B Z:\public_html\2003\OOP\oop.html --> gate.fmns.swu.bg /home/nkirov/www/2003/OOP oop.html
2002.09.20 11:49 B Z:\public_html\2003\OOP\oop_a.html --> gate.fmns.swu.bg /home/nkirov/www/2003/OOP oop_a.html
2002.09.20 11:49 B Z:\public_html\2003\OOP\oop_k.html --> gate.fmns.swu.bg /home/nkirov/www/2003/OOP oop_k.html
2002.09.20 11:50 B Z:\public_html\2003\OOP\oop_p.html --> gate.fmns.swu.bg /home/nkirov/www/2003/OOP oop_p.html
2002.09.20 11:50 B Z:\public_html\2003\OOP\t1.txt --> gate.fmns.swu.bg /home/nkirov/www/2003/OOP t1.txt
2002.09.20 11:50 B Z:\public_html\2003\OOP\t2.txt --> gate.fmns.swu.bg /home/nkirov/www/2003/OOP t2.txt
2002.09.20 11:50 B Z:\public_html\2003\OOP\t3.txt --> gate.fmns.swu.bg /home/nkirov/www/2003/OOP t3.txt
2002.09.20 11:51 B Z:\public_html\2003\OOP\WS_FTP.LOG --> gate.fmns.swu.bg /home/nkirov/www/2003/OOP WS_FTP.LOG
2002.09.20 11:51 B Z:\public_html\2003\OOP\yellowball.gif --> gate.fmns.swu.bg /home/nkirov/www/2003/OOP yellowball.gif
2002.09.27 16:18 B Z:\public_html\2003\OOP\book1.gif --> nkirov.on.online.bg /2003/OOP book1.gif
2002.09.27 16:18 B Z:\public_html\2003\OOP\book1.gif --> gate.fmns.swu.bg /home/nkirov/www/2003/OOP book1.gif
2002.09.27 16:18 B Z:\public_html\2003\OOP\d01.txt --> nkirov.on.online.bg /2003/OOP d01.txt
2002.09.27 16:18 B Z:\public_html\2003\OOP\d01.txt --> gate.fmns.swu.bg /home/nkirov/www/2003/OOP d01.txt
2002.09.27 16:18 B Z:\public_html\2003\OOP\d02.txt --> nkirov.on.online.bg /2003/OOP d02.txt
2002.09.27 16:18 B Z:\public_html\2003\OOP\d02.txt --> gate.fmns.swu.bg /home/nkirov/www/2003/OOP d02.txt
2002.09.27 16:18 B Z:\public_html\2003\OOP\d03.txt --> gate.fmns.swu.bg /home/nkirov/www/2003/OOP d03.txt
2002.09.27 16:18 B Z:\public_html\2003\OOP\d04.txt --> gate.fmns.swu.bg /home/nkirov/www/2003/OOP d04.txt
2002.09.27 16:18 B Z:\public_html\2003\OOP\d03.txt --> nkirov.on.online.bg /2003/OOP d03.txt
2002.09.27 16:18 B Z:\public_html\2003\OOP\d04.txt --> nkirov.on.online.bg /2003/OOP d04.txt
2002.09.27 16:18 B Z:\public_html\2003\OOP\d05.txt --> nkirov.on.online.bg /2003/OOP d05.txt
2002.09.27 16:18 B Z:\public_html\2003\OOP\d05.txt --> gate.fmns.swu.bg /home/nkirov/www/2003/OOP d05.txt
2002.09.27 16:18 B Z:\public_html\2003\OOP\d06.txt --> nkirov.on.online.bg /2003/OOP d06.txt
2002.09.27 16:18 B Z:\public_html\2003\OOP\id01.txt --> nkirov.on.online.bg /2003/OOP id01.txt
2002.09.27 16:18 B Z:\public_html\2003\OOP\d06.txt --> gate.fmns.swu.bg /home/nkirov/www/2003/OOP d06.txt
2002.09.27 16:18 B Z:\public_html\2003\OOP\id02.txt --> nkirov.on.online.bg /2003/OOP id02.txt
2002.09.27 16:18 B Z:\public_html\2003\OOP\id01.txt --> gate.fmns.swu.bg /home/nkirov/www/2003/OOP id01.txt
2002.09.27 16:18 B Z:\public_html\2003\OOP\id03.txt --> nkirov.on.online.bg /2003/OOP id03.txt
2002.09.27 16:18 B Z:\public_html\2003\OOP\id02.txt --> gate.fmns.swu.bg /home/nkirov/www/2003/OOP id02.txt
2002.09.27 16:18 B Z:\public_html\2003\OOP\id04.txt --> nkirov.on.online.bg /2003/OOP id04.txt
2002.09.27 16:18 B Z:\public_html\2003\OOP\id03.txt --> gate.fmns.swu.bg /home/nkirov/www/2003/OOP id03.txt
2002.09.27 16:18 B Z:\public_html\2003\OOP\id05.txt --> nkirov.on.online.bg /2003/OOP id05.txt
2002.09.27 16:18 B Z:\public_html\2003\OOP\id04.txt --> gate.fmns.swu.bg /home/nkirov/www/2003/OOP id04.txt
2002.09.27 16:18 B Z:\public_html\2003\OOP\id06.txt --> nkirov.on.online.bg /2003/OOP id06.txt
2002.09.27 16:18 B Z:\public_html\2003\OOP\id05.txt --> gate.fmns.swu.bg /home/nkirov/www/2003/OOP id05.txt
2002.09.27 16:18 B Z:\public_html\2003\OOP\id07.txt --> nkirov.on.online.bg /2003/OOP id07.txt
2002.09.27 16:18 B Z:\public_html\2003\OOP\id06.txt --> gate.fmns.swu.bg /home/nkirov/www/2003/OOP id06.txt
2002.09.27 16:18 B Z:\public_html\2003\OOP\id07.txt --> gate.fmns.swu.bg /home/nkirov/www/2003/OOP id07.txt
2002.09.27 16:18 B Z:\public_html\2003\OOP\id08.txt --> nkirov.on.online.bg /2003/OOP id08.txt
2002.09.27 16:18 B Z:\public_html\2003\OOP\id09.txt --> nkirov.on.online.bg /2003/OOP id09.txt
2002.09.27 16:18 B Z:\public_html\2003\OOP\id08.txt --> gate.fmns.swu.bg /home/nkirov/www/2003/OOP id08.txt
2002.09.27 16:18 B Z:\public_html\2003\OOP\id10.txt --> nkirov.on.online.bg /2003/OOP id10.txt
2002.09.27 16:18 B Z:\public_html\2003\OOP\id11.txt --> nkirov.on.online.bg /2003/OOP id11.txt
2002.09.27 16:18 B Z:\public_html\2003\OOP\id12.txt --> nkirov.on.online.bg /2003/OOP id12.txt
2002.09.27 16:18 B Z:\public_html\2003\OOP\id13.txt --> nkirov.on.online.bg /2003/OOP id13.txt
2002.09.27 16:18 B Z:\public_html\2003\OOP\id09.txt --> gate.fmns.swu.bg /home/nkirov/www/2003/OOP id09.txt
2002.09.27 16:18 B Z:\public_html\2003\OOP\id14.txt --> nkirov.on.online.bg /2003/OOP id14.txt
2002.09.27 16:18 B Z:\public_html\2003\OOP\id15.txt --> nkirov.on.online.bg /2003/OOP id15.txt
2002.09.27 16:18 B Z:\public_html\2003\OOP\id10.txt --> gate.fmns.swu.bg /home/nkirov/www/2003/OOP id10.txt
2002.09.27 16:18 B Z:\public_html\2003\OOP\id16.txt --> nkirov.on.online.bg /2003/OOP id16.txt
2002.09.27 16:18 B Z:\public_html\2003\OOP\id17.txt --> nkirov.on.online.bg /2003/OOP id17.txt
2002.09.27 16:18 B Z:\public_html\2003\OOP\id18.txt --> nkirov.on.online.bg /2003/OOP id18.txt
2002.09.27 16:18 B Z:\public_html\2003\OOP\id11.txt --> gate.fmns.swu.bg /home/nkirov/www/2003/OOP id11.txt
2002.09.27 16:18 B Z:\public_html\2003\OOP\id12.txt --> gate.fmns.swu.bg /home/nkirov/www/2003/OOP id12.txt
2002.09.27 16:18 B Z:\public_html\2003\OOP\id19.txt --> nkirov.on.online.bg /2003/OOP id19.txt
2002.09.27 16:18 B Z:\public_html\2003\OOP\id13.txt --> gate.fmns.swu.bg /home/nkirov/www/2003/OOP id13.txt
2002.09.27 16:18 B Z:\public_html\2003\OOP\id20.txt --> nkirov.on.online.bg /2003/OOP id20.txt
2002.09.27 16:18 B Z:\public_html\2003\OOP\id21.txt --> nkirov.on.online.bg /2003/OOP id21.txt
2002.09.27 16:18 B Z:\public_html\2003\OOP\id14.txt --> gate.fmns.swu.bg /home/nkirov/www/2003/OOP id14.txt
2002.09.27 16:18 B Z:\public_html\2003\OOP\kz01.txt --> nkirov.on.online.bg /2003/OOP kz01.txt
2002.09.27 16:18 B Z:\public_html\2003\OOP\kz02.txt --> nkirov.on.online.bg /2003/OOP kz02.txt
2002.09.27 16:18 B Z:\public_html\2003\OOP\kz03.txt --> nkirov.on.online.bg /2003/OOP kz03.txt
2002.09.27 16:18 B Z:\public_html\2003\OOP\ocenka.html --> nkirov.on.online.bg /2003/OOP ocenka.html
2002.09.27 16:18 B Z:\public_html\2003\OOP\oop.html --> nkirov.on.online.bg /2003/OOP oop.html
2002.09.27 16:18 B Z:\public_html\2003\OOP\id15.txt --> gate.fmns.swu.bg /home/nkirov/www/2003/OOP id15.txt
2002.09.27 16:18 B Z:\public_html\2003\OOP\id16.txt --> gate.fmns.swu.bg /home/nkirov/www/2003/OOP id16.txt
2002.09.27 16:18 B Z:\public_html\2003\OOP\oop_a.html --> nkirov.on.online.bg /2003/OOP oop_a.html
2002.09.27 16:18 B Z:\public_html\2003\OOP\oop_k.html --> nkirov.on.online.bg /2003/OOP oop_k.html
2002.09.27 16:18 B Z:\public_html\2003\OOP\id17.txt --> gate.fmns.swu.bg /home/nkirov/www/2003/OOP id17.txt
2002.09.27 16:18 B Z:\public_html\2003\OOP\oop_p.html --> nkirov.on.online.bg /2003/OOP oop_p.html
2002.09.27 16:18 B Z:\public_html\2003\OOP\t1.txt --> nkirov.on.online.bg /2003/OOP t1.txt
2002.09.27 16:18 B Z:\public_html\2003\OOP\t2.txt --> nkirov.on.online.bg /2003/OOP t2.txt
2002.09.27 16:19 B Z:\public_html\2003\OOP\id18.txt --> gate.fmns.swu.bg /home/nkirov/www/2003/OOP id18.txt
2002.09.27 16:19 B Z:\public_html\2003\OOP\t3.txt --> nkirov.on.online.bg /2003/OOP t3.txt
2002.09.27 16:19 B Z:\public_html\2003\OOP\WS_FTP.LOG --> nkirov.on.online.bg /2003/OOP WS_FTP.LOG
2002.09.27 16:19 B Z:\public_html\2003\OOP\id19.txt --> gate.fmns.swu.bg /home/nkirov/www/2003/OOP id19.txt
2002.09.27 16:19 B Z:\public_html\2003\OOP\id20.txt --> gate.fmns.swu.bg /home/nkirov/www/2003/OOP id20.txt
2002.09.27 16:19 B Z:\public_html\2003\OOP\id21.txt --> gate.fmns.swu.bg /home/nkirov/www/2003/OOP id21.txt
2002.09.27 16:19 B Z:\public_html\2003\OOP\oop.html --> gate.fmns.swu.bg /home/nkirov/www/2003/OOP oop.html
2002.09.27 16:19 B Z:\public_html\2003\OOP\oop_k.html --> gate.fmns.swu.bg /home/nkirov/www/2003/OOP oop_k.html
2002.09.27 16:19 B Z:\public_html\2003\OOP\oop_p.html --> gate.fmns.swu.bg /home/nkirov/www/2003/OOP oop_p.html
2002.09.27 16:19 B Z:\public_html\2003\OOP\WS_FTP.LOG --> gate.fmns.swu.bg /home/nkirov/www/2003/OOP WS_FTP.LOG
