2002.09.20 11:35 B Z:\public_html\2003\PIK2\BOOK1.GIF --> nkirov.on.online.bg /2003/PIK2 BOOK1.GIF
2002.09.20 11:35 B Z:\public_html\2003\PIK2\bullet.gif --> nkirov.on.online.bg /2003/PIK2 bullet.gif
2002.09.20 11:35 B Z:\public_html\2003\PIK2\pec2.html --> nkirov.on.online.bg /2003/PIK2 pec2.html
2002.09.20 11:35 B Z:\public_html\2003\PIK2\pec2_kz.txt --> nkirov.on.online.bg /2003/PIK2 pec2_kz.txt
2002.09.20 11:35 B Z:\public_html\2003\PIK2\pec2_t1.txt --> nkirov.on.online.bg /2003/PIK2 pec2_t1.txt
2002.09.20 11:35 B Z:\public_html\2003\PIK2\pec2_t2.txt --> nkirov.on.online.bg /2003/PIK2 pec2_t2.txt
2002.09.20 11:35 B Z:\public_html\2003\PIK2\pec2_tz.txt --> nkirov.on.online.bg /2003/PIK2 pec2_tz.txt
2002.09.20 11:35 B Z:\public_html\2003\PIK2\pec2k.html --> nkirov.on.online.bg /2003/PIK2 pec2k.html
2002.09.20 11:35 B Z:\public_html\2003\PIK2\pec2o.html --> nkirov.on.online.bg /2003/PIK2 pec2o.html
2002.09.20 11:36 B Z:\public_html\2003\PIK2\pec2pp.html --> nkirov.on.online.bg /2003/PIK2 pec2pp.html
2002.09.27 16:19 B Z:\public_html\2003\PIK2\BOOK1.GIF --> gate.fmns.swu.bg /home/nkirov/www/2003/PIK2 BOOK1.GIF
2002.09.27 16:19 B Z:\public_html\2003\PIK2\pec2.html --> gate.fmns.swu.bg /home/nkirov/www/2003/PIK2 pec2.html
2002.09.27 16:19 B Z:\public_html\2003\PIK2\BOOK1.GIF --> nkirov.on.online.bg /2003/PIK2 BOOK1.GIF
2002.09.27 16:19 B Z:\public_html\2003\PIK2\pec2.html --> nkirov.on.online.bg /2003/PIK2 pec2.html
2002.09.27 16:19 B Z:\public_html\2003\PIK2\pec2_kz.txt --> gate.fmns.swu.bg /home/nkirov/www/2003/PIK2 pec2_kz.txt
2002.09.27 16:19 B Z:\public_html\2003\PIK2\pec2_kz.txt --> nkirov.on.online.bg /2003/PIK2 pec2_kz.txt
2002.09.27 16:19 B Z:\public_html\2003\PIK2\pec2_t1.txt --> nkirov.on.online.bg /2003/PIK2 pec2_t1.txt
2002.09.27 16:19 B Z:\public_html\2003\PIK2\pec2_t1.txt --> gate.fmns.swu.bg /home/nkirov/www/2003/PIK2 pec2_t1.txt
2002.09.27 16:19 B Z:\public_html\2003\PIK2\pec2_t2.txt --> nkirov.on.online.bg /2003/PIK2 pec2_t2.txt
2002.09.27 16:19 B Z:\public_html\2003\PIK2\pec2_t2.txt --> gate.fmns.swu.bg /home/nkirov/www/2003/PIK2 pec2_t2.txt
2002.09.27 16:19 B Z:\public_html\2003\PIK2\pec2_tz.txt --> nkirov.on.online.bg /2003/PIK2 pec2_tz.txt
2002.09.27 16:19 B Z:\public_html\2003\PIK2\pec2k.html --> nkirov.on.online.bg /2003/PIK2 pec2k.html
2002.09.27 16:19 B Z:\public_html\2003\PIK2\pec2_tz.txt --> gate.fmns.swu.bg /home/nkirov/www/2003/PIK2 pec2_tz.txt
2002.09.27 16:19 B Z:\public_html\2003\PIK2\pec2k.html --> gate.fmns.swu.bg /home/nkirov/www/2003/PIK2 pec2k.html
2002.09.27 16:19 B Z:\public_html\2003\PIK2\pec2o.html --> gate.fmns.swu.bg /home/nkirov/www/2003/PIK2 pec2o.html
2002.09.27 16:19 B Z:\public_html\2003\PIK2\pec2o.html --> nkirov.on.online.bg /2003/PIK2 pec2o.html
2002.09.27 16:19 B Z:\public_html\2003\PIK2\pec2pp.html --> nkirov.on.online.bg /2003/PIK2 pec2pp.html
2002.09.27 16:19 B Z:\public_html\2003\PIK2\pec2pp.html --> gate.fmns.swu.bg /home/nkirov/www/2003/PIK2 pec2pp.html
2002.09.27 16:19 B Z:\public_html\2003\PIK2\WS_FTP.LOG --> nkirov.on.online.bg /2003/PIK2 WS_FTP.LOG
2002.09.27 16:19 B Z:\public_html\2003\PIK2\WS_FTP.LOG --> gate.fmns.swu.bg /home/nkirov/www/2003/PIK2 WS_FTP.LOG
2002.09.27 16:19 B Z:\public_html\2003\PIK2\yellowball.gif --> nkirov.on.online.bg /2003/PIK2 yellowball.gif
2002.09.27 16:19 B Z:\public_html\2003\PIK2\yellowball.gif --> gate.fmns.swu.bg /home/nkirov/www/2003/PIK2 yellowball.gif
