2002.09.20 11:35 B Z:\public_html\2003\PASA\objava.html --> nkirov.on.online.bg /2003/PASA objava.html
2002.09.27 16:19 B Z:\public_html\2003\PASA\objava.html --> nkirov.on.online.bg /2003/PASA objava.html
2002.09.27 16:19 B Z:\public_html\2003\PASA\WS_FTP.LOG --> gate.fmns.swu.bg /home/nkirov/www/2003/PASA WS_FTP.LOG
2002.09.27 16:19 B Z:\public_html\2003\PASA\yellowball.gif --> gate.fmns.swu.bg /home/nkirov/www/2003/PASA yellowball.gif
2002.09.27 16:19 B Z:\public_html\2003\PASA\WS_FTP.LOG --> nkirov.on.online.bg /2003/PASA WS_FTP.LOG
2002.09.27 16:19 B Z:\public_html\2003\PASA\yellowball.gif --> nkirov.on.online.bg /2003/PASA yellowball.gif
2002.10.02 15:38 B Z:\public_html\2003\PASA\grafic.txt --> gate.fmns.swu.bg /home/nkirov/www/2003/PASA grafic.txt
2002.10.02 15:38 B Z:\public_html\2003\PASA\links.html --> gate.fmns.swu.bg /home/nkirov/www/2003/PASA links.html
2002.10.02 15:38 B Z:\public_html\2003\PASA\objava.html --> gate.fmns.swu.bg /home/nkirov/www/2003/PASA objava.html
2002.10.02 15:38 B Z:\public_html\2003\PASA\pasa.html --> gate.fmns.swu.bg /home/nkirov/www/2003/PASA pasa.html
2002.10.02 15:38 B Z:\public_html\2003\PASA\WS_FTP.LOG --> gate.fmns.swu.bg /home/nkirov/www/2003/PASA WS_FTP.LOG
2002.10.02 15:38 B Z:\public_html\2003\PASA\zadachi.txt --> gate.fmns.swu.bg /home/nkirov/www/2003/PASA zadachi.txt
2002.10.02 15:40 B Z:\public_html\2003\PASA\grafic.txt --> nkirov.on.online.bg /2003/PASA grafic.txt
2002.10.02 15:40 B Z:\public_html\2003\PASA\links.html --> nkirov.on.online.bg /2003/PASA links.html
2002.10.02 15:40 B Z:\public_html\2003\PASA\objava.html --> nkirov.on.online.bg /2003/PASA objava.html
2002.10.02 15:40 B Z:\public_html\2003\PASA\pasa.html --> nkirov.on.online.bg /2003/PASA pasa.html
2002.10.02 15:40 B Z:\public_html\2003\PASA\WS_FTP.LOG --> nkirov.on.online.bg /2003/PASA WS_FTP.LOG
2002.10.02 15:40 B Z:\public_html\2003\PASA\yellowball.gif --> nkirov.on.online.bg /2003/PASA yellowball.gif
2002.10.02 15:40 B Z:\public_html\2003\PASA\zadachi.txt --> nkirov.on.online.bg /2003/PASA zadachi.txt
2002.10.12 13:00 B Z:\public_html\2003\PASA\contests.html --> gate.fmns.swu.bg /home/nkirov/www/2003/PASA contests.html
2002.10.12 13:00 B Z:\public_html\2003\PASA\grafic.txt --> gate.fmns.swu.bg /home/nkirov/www/2003/PASA grafic.txt
2002.10.12 13:00 B Z:\public_html\2003\PASA\links.html --> gate.fmns.swu.bg /home/nkirov/www/2003/PASA links.html
2002.10.12 13:00 B Z:\public_html\2003\PASA\objava.html --> gate.fmns.swu.bg /home/nkirov/www/2003/PASA objava.html
2002.10.12 13:00 B Z:\public_html\2003\PASA\pasa.html --> gate.fmns.swu.bg /home/nkirov/www/2003/PASA pasa.html
2002.10.12 13:00 B Z:\public_html\2003\PASA\peop.html --> gate.fmns.swu.bg /home/nkirov/www/2003/PASA peop.html
2002.10.12 13:00 B Z:\public_html\2003\PASA\pn.html --> gate.fmns.swu.bg /home/nkirov/www/2003/PASA pn.html
2002.10.12 13:00 B Z:\public_html\2003\PASA\WS_FTP.LOG --> gate.fmns.swu.bg /home/nkirov/www/2003/PASA WS_FTP.LOG
2002.10.12 13:00 B Z:\public_html\2003\PASA\yellowball.gif --> gate.fmns.swu.bg /home/nkirov/www/2003/PASA yellowball.gif
2002.10.12 13:00 B Z:\public_html\2003\PASA\zadachi.txt --> gate.fmns.swu.bg /home/nkirov/www/2003/PASA zadachi.txt
2002.10.12 13:02 B Z:\public_html\2003\PASA\contests.html --> nkirov.on.online.bg /2003/PASA contests.html
2002.10.12 13:02 B Z:\public_html\2003\PASA\grafic.txt --> nkirov.on.online.bg /2003/PASA grafic.txt
2002.10.12 13:02 B Z:\public_html\2003\PASA\links.html --> nkirov.on.online.bg /2003/PASA links.html
2002.10.12 13:02 B Z:\public_html\2003\PASA\objava.html --> nkirov.on.online.bg /2003/PASA objava.html
2002.10.12 13:02 B Z:\public_html\2003\PASA\pasa.html --> nkirov.on.online.bg /2003/PASA pasa.html
2002.10.12 13:02 B Z:\public_html\2003\PASA\peop.html --> nkirov.on.online.bg /2003/PASA peop.html
2002.10.12 13:02 B Z:\public_html\2003\PASA\pn.html --> nkirov.on.online.bg /2003/PASA pn.html
2002.10.12 13:02 B Z:\public_html\2003\PASA\WS_FTP.LOG --> nkirov.on.online.bg /2003/PASA WS_FTP.LOG
2002.10.12 13:02 B Z:\public_html\2003\PASA\yellowball.gif --> nkirov.on.online.bg /2003/PASA yellowball.gif
2002.10.12 13:02 B Z:\public_html\2003\PASA\zadachi.txt --> nkirov.on.online.bg /2003/PASA zadachi.txt
2002.10.21 11:39 B d:\public_html\2003\PASA\contests.html --> or2.math.bas.bg /home/nkirov/public_html/2003/PASA contests.html
2002.10.21 11:39 B d:\public_html\2003\PASA\grafic.html --> or2.math.bas.bg /home/nkirov/public_html/2003/PASA grafic.html
2002.10.21 11:39 B d:\public_html\2003\PASA\lecture1.html --> or2.math.bas.bg /home/nkirov/public_html/2003/PASA lecture1.html
2002.10.21 11:39 B d:\public_html\2003\PASA\lecture2.html --> or2.math.bas.bg /home/nkirov/public_html/2003/PASA lecture2.html
2002.10.21 11:39 B d:\public_html\2003\PASA\lecture3.html --> or2.math.bas.bg /home/nkirov/public_html/2003/PASA lecture3.html
2002.10.21 11:39 B d:\public_html\2003\PASA\lecture4.html --> or2.math.bas.bg /home/nkirov/public_html/2003/PASA lecture4.html
2002.10.21 11:39 B d:\public_html\2003\PASA\pasa.html --> or2.math.bas.bg /home/nkirov/public_html/2003/PASA pasa.html
2002.10.21 11:39 B d:\public_html\2003\PASA\peop.html --> or2.math.bas.bg /home/nkirov/public_html/2003/PASA peop.html
2002.10.21 11:39 B d:\public_html\2003\PASA\pn.html --> or2.math.bas.bg /home/nkirov/public_html/2003/PASA pn.html
2002.10.21 11:39 B d:\public_html\2003\PASA\prog3.html --> or2.math.bas.bg /home/nkirov/public_html/2003/PASA prog3.html
2002.10.21 11:39 B d:\public_html\2003\PASA\program.html --> or2.math.bas.bg /home/nkirov/public_html/2003/PASA program.html
2002.10.21 11:39 B d:\public_html\2003\PASA\zadachi.txt --> or2.math.bas.bg /home/nkirov/public_html/2003/PASA zadachi.txt
2002.10.21 11:44 B d:\public_html\2003\PASA\Ws_ftp.log --> or2.math.bas.bg /home/nkirov/public_html/2003/PASA Ws_ftp.log
